<?xml version="1.0" encoding="UTF-8"?>
<testng-results skipped="0" failed="0" ignored="0" total="6" passed="6">
  <reporter-output>
  </reporter-output>
  <suite name="Default suite" duration-ms="65639" started-at="2021-07-24T16:37:53 IST" finished-at="2021-07-24T16:38:59 IST">
    <groups>
      <group name="typing name">
        <method signature="TestNGBasics.typeName()[pri:2, instance:com.testng.TestNGBasics@5fcd892a]" name="typeName" class="com.testng.TestNGBasics"/>
      </group> <!-- typing name -->
      <group name="grouping concept">
        <method signature="TestNGBasics.testCase4()[pri:4, instance:com.testng.TestNGBasics@5fcd892a]" name="testCase4" class="com.testng.TestNGBasics"/>
        <method signature="TestNGBasics.testCase5()[pri:5, instance:com.testng.TestNGBasics@5fcd892a]" name="testCase5" class="com.testng.TestNGBasics"/>
        <method signature="TestNGBasics.testCase6()[pri:6, instance:com.testng.TestNGBasics@5fcd892a]" name="testCase6" class="com.testng.TestNGBasics"/>
      </group> <!-- grouping concept -->
    </groups>
    <test name="Default test" duration-ms="65639" started-at="2021-07-24T16:37:53 IST" finished-at="2021-07-24T16:38:59 IST">
      <class name="com.testng.TestNGBasics">
        <test-method status="PASS" signature="beforeSuit()[pri:0, instance:com.testng.TestNGBasics@5fcd892a]" name="beforeSuit" is-config="true" duration-ms="23" started-at="2021-07-24T16:37:53 IST" finished-at="2021-07-24T16:37:53 IST">
          <reporter-output>
          </reporter-output>
        </test-method> <!-- beforeSuit -->
        <test-method status="PASS" signature="beforeTest()[pri:0, instance:com.testng.TestNGBasics@5fcd892a]" name="beforeTest" is-config="true" duration-ms="1" started-at="2021-07-24T16:37:53 IST" finished-at="2021-07-24T16:37:53 IST">
          <reporter-output>
          </reporter-output>
        </test-method> <!-- beforeTest -->
        <test-method status="PASS" signature="beforeClass()[pri:0, instance:com.testng.TestNGBasics@5fcd892a]" name="beforeClass" is-config="true" duration-ms="1" started-at="2021-07-24T16:37:53 IST" finished-at="2021-07-24T16:37:53 IST">
          <reporter-output>
          </reporter-output>
        </test-method> <!-- beforeClass -->
        <test-method status="PASS" signature="setUp()[pri:0, instance:com.testng.TestNGBasics@5fcd892a]" name="setUp" is-config="true" duration-ms="23858" started-at="2021-07-24T16:37:53 IST" finished-at="2021-07-24T16:38:17 IST">
          <reporter-output>
          </reporter-output>
        </test-method> <!-- setUp -->
        <test-method status="PASS" signature="googleTitle()[pri:1, instance:com.testng.TestNGBasics@5fcd892a]" name="googleTitle" duration-ms="37" started-at="2021-07-24T16:38:17 IST" finished-at="2021-07-24T16:38:17 IST">
          <reporter-output>
          </reporter-output>
        </test-method> <!-- googleTitle -->
        <test-method status="PASS" signature="closeBroswer()[pri:0, instance:com.testng.TestNGBasics@5fcd892a]" name="closeBroswer" is-config="true" duration-ms="1378" started-at="2021-07-24T16:38:17 IST" finished-at="2021-07-24T16:38:19 IST">
          <reporter-output>
          </reporter-output>
        </test-method> <!-- closeBroswer -->
        <test-method status="PASS" signature="setUp()[pri:0, instance:com.testng.TestNGBasics@5fcd892a]" name="setUp" is-config="true" duration-ms="6952" started-at="2021-07-24T16:38:19 IST" finished-at="2021-07-24T16:38:25 IST">
          <reporter-output>
          </reporter-output>
        </test-method> <!-- setUp -->
        <test-method status="PASS" signature="typeName()[pri:2, instance:com.testng.TestNGBasics@5fcd892a]" name="typeName" duration-ms="3458" started-at="2021-07-24T16:38:25 IST" finished-at="2021-07-24T16:38:29 IST">
          <reporter-output>
          </reporter-output>
        </test-method> <!-- typeName -->
        <test-method status="PASS" signature="closeBroswer()[pri:0, instance:com.testng.TestNGBasics@5fcd892a]" name="closeBroswer" is-config="true" duration-ms="897" started-at="2021-07-24T16:38:29 IST" finished-at="2021-07-24T16:38:30 IST">
          <reporter-output>
          </reporter-output>
        </test-method> <!-- closeBroswer -->
        <test-method status="PASS" signature="setUp()[pri:0, instance:com.testng.TestNGBasics@5fcd892a]" name="setUp" is-config="true" duration-ms="6529" started-at="2021-07-24T16:38:30 IST" finished-at="2021-07-24T16:38:36 IST">
          <reporter-output>
          </reporter-output>
        </test-method> <!-- setUp -->
        <test-method status="PASS" signature="googleLogoTest()[pri:3, instance:com.testng.TestNGBasics@5fcd892a]" name="googleLogoTest" duration-ms="302" started-at="2021-07-24T16:38:36 IST" finished-at="2021-07-24T16:38:37 IST">
          <reporter-output>
          </reporter-output>
        </test-method> <!-- googleLogoTest -->
        <test-method status="PASS" signature="closeBroswer()[pri:0, instance:com.testng.TestNGBasics@5fcd892a]" name="closeBroswer" is-config="true" duration-ms="838" started-at="2021-07-24T16:38:37 IST" finished-at="2021-07-24T16:38:38 IST">
          <reporter-output>
          </reporter-output>
        </test-method> <!-- closeBroswer -->
        <test-method status="PASS" signature="setUp()[pri:0, instance:com.testng.TestNGBasics@5fcd892a]" name="setUp" is-config="true" duration-ms="5785" started-at="2021-07-24T16:38:38 IST" finished-at="2021-07-24T16:38:43 IST">
          <reporter-output>
          </reporter-output>
        </test-method> <!-- setUp -->
        <test-method status="PASS" signature="testCase4()[pri:4, instance:com.testng.TestNGBasics@5fcd892a]" name="testCase4" duration-ms="4" started-at="2021-07-24T16:38:43 IST" finished-at="2021-07-24T16:38:43 IST">
          <reporter-output>
          </reporter-output>
        </test-method> <!-- testCase4 -->
        <test-method status="PASS" signature="closeBroswer()[pri:0, instance:com.testng.TestNGBasics@5fcd892a]" name="closeBroswer" is-config="true" duration-ms="913" started-at="2021-07-24T16:38:43 IST" finished-at="2021-07-24T16:38:44 IST">
          <reporter-output>
          </reporter-output>
        </test-method> <!-- closeBroswer -->
        <test-method status="PASS" signature="setUp()[pri:0, instance:com.testng.TestNGBasics@5fcd892a]" name="setUp" is-config="true" duration-ms="6569" started-at="2021-07-24T16:38:44 IST" finished-at="2021-07-24T16:38:51 IST">
          <reporter-output>
          </reporter-output>
        </test-method> <!-- setUp -->
        <test-method status="PASS" signature="testCase5()[pri:5, instance:com.testng.TestNGBasics@5fcd892a]" name="testCase5" duration-ms="7" started-at="2021-07-24T16:38:51 IST" finished-at="2021-07-24T16:38:51 IST">
          <reporter-output>
          </reporter-output>
        </test-method> <!-- testCase5 -->
        <test-method status="PASS" signature="closeBroswer()[pri:0, instance:com.testng.TestNGBasics@5fcd892a]" name="closeBroswer" is-config="true" duration-ms="983" started-at="2021-07-24T16:38:51 IST" finished-at="2021-07-24T16:38:52 IST">
          <reporter-output>
          </reporter-output>
        </test-method> <!-- closeBroswer -->
        <test-method status="PASS" signature="setUp()[pri:0, instance:com.testng.TestNGBasics@5fcd892a]" name="setUp" is-config="true" duration-ms="6001" started-at="2021-07-24T16:38:52 IST" finished-at="2021-07-24T16:38:58 IST">
          <reporter-output>
          </reporter-output>
        </test-method> <!-- setUp -->
        <test-method status="PASS" signature="testCase6()[pri:6, instance:com.testng.TestNGBasics@5fcd892a]" name="testCase6" duration-ms="4" started-at="2021-07-24T16:38:58 IST" finished-at="2021-07-24T16:38:58 IST">
          <reporter-output>
          </reporter-output>
        </test-method> <!-- testCase6 -->
        <test-method status="PASS" signature="closeBroswer()[pri:0, instance:com.testng.TestNGBasics@5fcd892a]" name="closeBroswer" is-config="true" duration-ms="989" started-at="2021-07-24T16:38:58 IST" finished-at="2021-07-24T16:38:59 IST">
          <reporter-output>
          </reporter-output>
        </test-method> <!-- closeBroswer -->
        <test-method status="PASS" signature="afterClass()[pri:0, instance:com.testng.TestNGBasics@5fcd892a]" name="afterClass" is-config="true" duration-ms="0" started-at="2021-07-24T16:38:59 IST" finished-at="2021-07-24T16:38:59 IST">
          <reporter-output>
          </reporter-output>
        </test-method> <!-- afterClass -->
        <test-method status="PASS" signature="aftertest()[pri:0, instance:com.testng.TestNGBasics@5fcd892a]" name="aftertest" is-config="true" duration-ms="0" started-at="2021-07-24T16:38:59 IST" finished-at="2021-07-24T16:38:59 IST">
          <reporter-output>
          </reporter-output>
        </test-method> <!-- aftertest -->
        <test-method status="PASS" signature="afterSuit()[pri:0, instance:com.testng.TestNGBasics@5fcd892a]" name="afterSuit" is-config="true" duration-ms="1" started-at="2021-07-24T16:38:59 IST" finished-at="2021-07-24T16:38:59 IST">
          <reporter-output>
          </reporter-output>
        </test-method> <!-- afterSuit -->
      </class> <!-- com.testng.TestNGBasics -->
    </test> <!-- Default test -->
  </suite> <!-- Default suite -->
</testng-results>
