<?xml version="1.0" encoding="UTF-8"?>
<!-- Generated by org.testng.reporters.JUnitXMLReporter -->
<testsuite hostname="DESKTOP-25I7L6M" ignored="0" name="Default test" tests="6" failures="0" timestamp="2021-07-24T16:38:59 IST" time="65.639" errors="0">
  <testcase name="googleTitle" time="0.037" classname="com.testng.TestNGBasics"/>
  <testcase name="typeName" time="3.458" classname="com.testng.TestNGBasics"/>
  <testcase name="googleLogoTest" time="0.302" classname="com.testng.TestNGBasics"/>
  <testcase name="testCase4" time="0.004" classname="com.testng.TestNGBasics"/>
  <testcase name="testCase5" time="0.007" classname="com.testng.TestNGBasics"/>
  <testcase name="testCase6" time="0.004" classname="com.testng.TestNGBasics"/>
</testsuite> <!-- Default test -->
